
ASEM-51 V1.3                                         Copyright (c) 2002 by W.W. Heinz                                         PAGE 1





       MCS-51 Family Macro Assembler   A S E M - 5 1   V 1.3
       =====================================================



	Source File:	B:\KFUPM_ALL\Semster_213\EE390_Digital_Systems_Engineering\LAB\Summer_Projects\CODE_PART2.ASM
	Object File:	B:\KFUPM_ALL\Semster_213\EE390_Digital_Systems_Engineering\LAB\Summer_Projects\CODE_PART2.hex
	List File:	B:\KFUPM_ALL\Semster_213\EE390_Digital_Systems_Engineering\LAB\Summer_Projects\CODE_PART2.lst



 Line  I  Addr  Code            Source

    1:		N      0000		ORG 00H
    2:	  0000	02 00 70		LJMP MAIN
    3:
    4:		N      0020		ORG 20H
    5:	  0020	2D 04 00 08		MATRIXS: DB 45, 4, 0, 8, 11, 29, 9, 5, 6
	  0024	0B 1D 09 05
	  0028	06
    6:		N      0030		ORG 30H
    7:	  0030	1E 5F 19 32		MATRIXG: DB 30 , 95 , 25 , 50 , 15 , 20 , 5 , 15 , 45
	  0034	0F 14 05 0F
	  0038	2D
    8:		N      0040		ORG 40H
    9:	  0040	28 50 19 0F	 	MATRIXL: DB 40 , 80 , 25 , 15 , 30 , 20 , 9 , 5 , 35
	  0044	1E 14 09 05
	  0048	23
   10:
   11:		N      0070		ORG 70H
   12:	  0070			MAIN:
   13:				;================Part 2=======================
   14:	  0070			LOLE:
   15:	  0070	7F 09			MOV R7,#09D
   16:	  0072	7A 30			MOV R2,#30H	;GEN.
   17:	  0074	7B 40			MOV R3,#40H	;LOAD
   18:	  0076	75 83 00		MOV DPH,#00H
   19:	  0079	7E 00			MOV R6,#00H
   20:
   21:	  007B	8A 82		BACK1:	MOV DPL,R2
   22:	  007D	E4			CLR A
   23:	  007E	93			MOVC A,@A+DPTR
   24:	  007F	FC			MOV R4,A	;Storing GEN. to R4
   25:	  0080	E4			CLR A
   26:	  0081	8B 82			MOV DPL,R3
   27:	  0083	93			MOVC A,@A+DPTR
   28:	  0084	B5 04 02		CJNE A,04H,L1
   29:	  0087	80 03			SJMP EXIT
   30:	  0089	40 01		L1:	JC EXIT
   31:	  008B	0E			INC R6
   32:	  008C			EXIT:
   33:	  008C	C3			CLR C
   34:	  008D	E4			CLR A
   35:	  008E	0A			INC R2
   36:	  008F	0B			INC R3
   37:	  0090	DF E9			DJNZ R7,BACK1

ASEM-51 V1.3                                         Copyright (c) 2002 by W.W. Heinz                                         PAGE 2



 Line  I  Addr  Code            Source

   38:	  0092	8E 60			MOV 60H,R6
   39:				;============= Part 3 =====================
   40:
   41:	  0094			LOLP:
   42:	  0094	E5 60			MOV A,60H	;loading the LOLE value to register A
   43:	  0096	75 F0 64		MOV B,#100D
   44:	  0099	79 09			MOV R1,#09D	;DEN
   45:	  009B	11 9F			ACALL MULT
   46:	  009D	F5 70			MOV 70H,A
   47:
   48:
   49:	  009F			MULT:
   50:	  009F	A4			MUL AB		;Multiplication: (A-5)*P_rated
   51:	  00A0	AA F0			MOV R2,B	;Higher byte stored in B
   52:	  00A2	89 F0			MOV B,R1	;DEN
   53:	  00A4	84			DIV AB		;Dividing the lower byte by DEN
   54:	  00A5	AC F0			MOV R4,B	;Remainder 1
   55:	  00A7	FD			MOV R5,A	;Qut 2
   56:	  00A8	74 FF			MOV A,#0FFH	;Higher byte of the multiplication
   57:	  00AA	89 F0			MOV B,R1	;DEN
   58:	  00AC	84			DIV AB		;Dividing the higher byte by DEN
   59:	  00AD	8A F0			MOV B,R2
   60:	  00AF	A4			MUL AB
   61:	  00B0	2D			ADD A,R5	;Add the Qut
   62:	  00B1	FB			MOV R3,A	;Save the sum of Qut
   63:	  00B2	E5 F0			MOV A,B		;Remainder 2
   64:	  00B4	2C			ADD A,R4	;Sum of the remainders
   65:	  00B5	89 F0			MOV B,R1	;DEN
   66:	  00B7	84			DIV AB		;Divide the sum of remainders by DEN
   67:	  00B8	2B			ADD A,R3	;
   68:	  00B9	22			RET
   69:
   70:
   71:
   72:					END





                     register banks used:  ---

                     no errors




ASEM-51 V1.3                                         Copyright (c) 2002 by W.W. Heinz                                         PAGE 3





	       L I S T   O F   S Y M B O L S
	       =============================


SYMBOL				  TYPE     VALUE	LINE
------------------------------------------------------------
??ASEM_51			  NUMBER    8051
??VERSION			  NUMBER    0130
AC				  BIT	      D6
ACC				  DATA	      E0
B				  DATA	      F0
BACK1				  CODE	    007B	  21
CY				  BIT	      D7
DPH				  DATA	      83
DPL				  DATA	      82
EA				  BIT	      AF
ES				  BIT	      AC
ET0				  BIT	      A9
ET1				  BIT	      AB
EX0				  BIT	      A8
EX1				  BIT	      AA
EXIT				  CODE	    008C	  32
EXTI0				  CODE	    0003
EXTI1				  CODE	    0013
F0				  BIT	      D5
IE				  DATA	      A8
IE0				  BIT	      89
IE1				  BIT	      8B
INT0				  BIT	      B2
INT1				  BIT	      B3
IP				  DATA	      B8
IT0				  BIT	      88
IT1				  BIT	      8A
L1				  CODE	    0089	  30
LOLE				  CODE	    0070	  14
LOLP				  CODE	    0094	  41
MAIN				  CODE	    0070	  12
MATRIXG				  CODE	    0030	   7
MATRIXL				  CODE	    0040	   9
MATRIXS				  CODE	    0020	   5
MULT				  CODE	    009F	  49
OV				  BIT	      D2
P				  BIT	      D0
P0				  DATA	      80
P1				  DATA	      90
P2				  DATA	      A0
P3				  DATA	      B0
PCON				  DATA	      87
PS				  BIT	      BC
PSW				  DATA	      D0
PT0				  BIT	      B9
PT1				  BIT	      BB
PX0				  BIT	      B8
PX1				  BIT	      BA
RB8				  BIT	      9A
RD				  BIT	      B7

ASEM-51 V1.3                                         Copyright (c) 2002 by W.W. Heinz                                         PAGE 4



SYMBOL				  TYPE     VALUE	LINE
------------------------------------------------------------
REN				  BIT	      9C
RESET				  CODE	    0000
RI				  BIT	      98
RS0				  BIT	      D3
RS1				  BIT	      D4
RXD				  BIT	      B0
SBUF				  DATA	      99
SCON				  DATA	      98
SINT				  CODE	    0023
SM0				  BIT	      9F
SM1				  BIT	      9E
SM2				  BIT	      9D
SP				  DATA	      81
T0				  BIT	      B4
T1				  BIT	      B5
TB8				  BIT	      9B
TCON				  DATA	      88
TF0				  BIT	      8D
TF1				  BIT	      8F
TH0				  DATA	      8C
TH1				  DATA	      8D
TI				  BIT	      99
TIMER0				  CODE	    000B
TIMER1				  CODE	    001B
TL0				  DATA	      8A
TL1				  DATA	      8B
TMOD				  DATA	      89
TR0				  BIT	      8C
TR1				  BIT	      8E
TXD				  BIT	      B1
WR				  BIT	      B6
