
ASEM-51 V1.3                                         Copyright (c) 2002 by W.W. Heinz                                         PAGE 1





       MCS-51 Family Macro Assembler   A S E M - 5 1   V 1.3
       =====================================================



	Source File:	B:\KFUPM_ALL\Semster_213\EE390_Digital_Systems_Engineering\LAB\Summer_Projects\Code_2.asm
	Object File:	B:\KFUPM_ALL\Semster_213\EE390_Digital_Systems_Engineering\LAB\Summer_Projects\Code_2.hex
	List File:	B:\KFUPM_ALL\Semster_213\EE390_Digital_Systems_Engineering\LAB\Summer_Projects\Code_2.lst



 Line  I  Addr  Code            Source

    1:		N      0000		ORG 00H
    2:	  0000	02 00 49		LJMP MAIN
    3:
    4:		N      0020		ORG 20H
    5:	  0020	2D 04 00 08		MATRIXS: DB 45, 4, 0, 8, 11, 29, 9, 5, 6
	  0024	0B 1D 09 05
	  0028	06
    6:		N      0030		ORG 30H
    7:	  0030	1E 5F 19 32		MATRIXG: DB 30 , 95 , 25 , 50 , 15 , 20 , 5 , 15 , 45
	  0034	0F 14 05 0F
	  0038	2D
    8:		N      0040		ORG 40H
    9:	  0040	28 50 19 0F	 	MATRIXL: DB 40 , 80 , 25 , 15 , 30 , 20 , 9 , 5 , 35
	  0044	1E 14 09 05
	  0048	23
   10:
   11:	  0049			MAIN:
   12:
   13:	  0049			OUTPWR:
   14:	  0049	75 43 09		MOV 43H,#09D	;COUNTER
   15:	  004C	90 00 20		MOV DPTR,#0020H	;READING DATA FROM THE ROM
   16:	  004F	78 50			MOV R0,#50H	;SAVING LOCATION
   17:				;Cut_in	 05D
   18:				;Rated	 11D
   19:				;Cut_out 25D
   20:				;Power   50D
   21:	  0051	74 32			MOV  A,#50D
   22:	  0053	94 05			SUBB A,#05D
   23:	  0055	F5 40			MOV 40H,A
   24:		N      0040	DEN	EQU 40H
   25:
   26:	  0057			HERE:
   27:	  0057	E4			CLR A
   28:	  0058	C3			CLR C
   29:	  0059	93			MOVC A,@A+DPTR
   30:	  005A	B4 05 02		CJNE A,#05D,N1	;CONDITION 1
   31:	  005D	80 07			SJMP N2
   32:	  005F	50 05		N1:	JNC N2
   33:	  0061	75 41 00	ZERO:	MOV 41H,#00H	;41H is the address of the output
   34:	  0064	80 20			SJMP THERE
   35:	  0066			N2:
   36:	  0066	B4 0B 02		CJNE A,#11D,N3	;CONDITION 2
   37:	  0069	80 11			SJMP N4

ASEM-51 V1.3                                         Copyright (c) 2002 by W.W. Heinz                                         PAGE 2



 Line  I  Addr  Code            Source

   38:	  006B	50 0F		N3:	JNC N4
   39:				;------ Second equation --------
   40:	  006D	C3			CLR C
   41:	  006E	94 05			SUBB A,#05D	;Vci < A < Vrt
   42:	  0070	75 F0 32		MOV B,#50D	;5 < A < 11
   43:	  0073	A4			MUL AB		;Multiplication: (A-5)*P_rated
   44:	  0074	75 F0 06		MOV B,#06D
   45:	  0077	84			DIV AB
   46:	  0078	F5 41			MOV 41H,A
   47:	  007A	80 0A			SJMP THERE
   48:				;-----------------------------
   49:	  007C			N4:
   50:	  007C	B4 19 02		CJNE A,#25D,N5
   51:	  007F	80 E0			SJMP ZERO
   52:	  0081	50 DE		N5:	JNC ZERO
   53:	  0083	75 41 32		MOV 41H,#50D
   54:
   55:	  0086	A6 41		THERE:	MOV @R0,41H
   56:	  0088	08			INC R0
   57:	  0089	A3			INC DPTR
   58:	  008A	D5 43 CA		DJNZ 43H,HERE	;Decrement the counter
   59:
   60:
   61:					END





                     register banks used:  ---

                     no errors




ASEM-51 V1.3                                         Copyright (c) 2002 by W.W. Heinz                                         PAGE 3





	       L I S T   O F   S Y M B O L S
	       =============================


SYMBOL				  TYPE     VALUE	LINE
------------------------------------------------------------
??ASEM_51			  NUMBER    8051
??VERSION			  NUMBER    0130
AC				  BIT	      D6
ACC				  DATA	      E0
B				  DATA	      F0
CY				  BIT	      D7
DEN				  NUMBER    0040	  24
DPH				  DATA	      83
DPL				  DATA	      82
EA				  BIT	      AF
ES				  BIT	      AC
ET0				  BIT	      A9
ET1				  BIT	      AB
EX0				  BIT	      A8
EX1				  BIT	      AA
EXTI0				  CODE	    0003
EXTI1				  CODE	    0013
F0				  BIT	      D5
HERE				  CODE	    0057	  26
IE				  DATA	      A8
IE0				  BIT	      89
IE1				  BIT	      8B
INT0				  BIT	      B2
INT1				  BIT	      B3
IP				  DATA	      B8
IT0				  BIT	      88
IT1				  BIT	      8A
MAIN				  CODE	    0049	  11
MATRIXG				  CODE	    0030	   7
MATRIXL				  CODE	    0040	   9
MATRIXS				  CODE	    0020	   5
N1				  CODE	    005F	  32
N2				  CODE	    0066	  35
N3				  CODE	    006B	  38
N4				  CODE	    007C	  49
N5				  CODE	    0081	  52
OUTPWR				  CODE	    0049	  13
OV				  BIT	      D2
P				  BIT	      D0
P0				  DATA	      80
P1				  DATA	      90
P2				  DATA	      A0
P3				  DATA	      B0
PCON				  DATA	      87
PS				  BIT	      BC
PSW				  DATA	      D0
PT0				  BIT	      B9
PT1				  BIT	      BB
PX0				  BIT	      B8
PX1				  BIT	      BA

ASEM-51 V1.3                                         Copyright (c) 2002 by W.W. Heinz                                         PAGE 4



SYMBOL				  TYPE     VALUE	LINE
------------------------------------------------------------
RB8				  BIT	      9A
RD				  BIT	      B7
REN				  BIT	      9C
RESET				  CODE	    0000
RI				  BIT	      98
RS0				  BIT	      D3
RS1				  BIT	      D4
RXD				  BIT	      B0
SBUF				  DATA	      99
SCON				  DATA	      98
SINT				  CODE	    0023
SM0				  BIT	      9F
SM1				  BIT	      9E
SM2				  BIT	      9D
SP				  DATA	      81
T0				  BIT	      B4
T1				  BIT	      B5
TB8				  BIT	      9B
TCON				  DATA	      88
TF0				  BIT	      8D
TF1				  BIT	      8F
TH0				  DATA	      8C
TH1				  DATA	      8D
THERE				  CODE	    0086	  55
TI				  BIT	      99
TIMER0				  CODE	    000B
TIMER1				  CODE	    001B
TL0				  DATA	      8A
TL1				  DATA	      8B
TMOD				  DATA	      89
TR0				  BIT	      8C
TR1				  BIT	      8E
TXD				  BIT	      B1
WR				  BIT	      B6
ZERO				  CODE	    0061	  33
