
ASEM-51 V1.3                                         Copyright (c) 2002 by W.W. Heinz                                         PAGE 1





       MCS-51 Family Macro Assembler   A S E M - 5 1   V 1.3
       =====================================================



	Source File:	B:\KFUPM_ALL\Semster_213\EE390_Digital_Systems_Engineering\LAB\Summer_Projects\TrialCode.asm
	Object File:	B:\KFUPM_ALL\Semster_213\EE390_Digital_Systems_Engineering\LAB\Summer_Projects\TrialCode.hex
	List File:	B:\KFUPM_ALL\Semster_213\EE390_Digital_Systems_Engineering\LAB\Summer_Projects\TrialCode.lst



 Line  I  Addr  Code            Source

    1:		N      0000		ORG 00H
    2:	  0000	02 00 49		LJMP MAIN
    3:
    4:		N      0020		ORG 20H
    5:	  0020	2D 04 00 08		MATRIXS: DB 45, 4, 0, 8, 11, 29, 9, 5, 6
	  0024	0B 1D 09 05
	  0028	06
    6:		N      0030		ORG 30H
    7:	  0030	1E 5F 19 32		MATRIXG: DB 30 , 95 , 25 , 50 , 15 , 20 , 5 , 15 , 45
	  0034	0F 14 05 0F
	  0038	2D
    8:		N      0040		ORG 40H
    9:	  0040	28 50 19 0F	 	MATRIXL: DB 40 , 80 , 25 , 15 , 30 , 20 , 9 , 5 , 35
	  0044	1E 14 09 05
	  0048	23
   10:
   11:	  0049			MAIN:
   12:		N      0060		ORG 60H
   13:	  0060	80 00			SJMP OUTPWR
   14:	  0062			OUTPWR:
   15:	  0062	75 34 09		MOV 34H,#09D	;Length of the vector. COUNTER
   16:	  0065	90 00 20		MOV DPTR,#0020H	;READING DATA FROM THE ROM
   17:
   18:				;------ Parameter of the program ----------------
   19:	  0068	78 50			MOV R0,#50H	;SAVING LOCATION
   20:	  006A	75 30 05		MOV 30H,#05D	;cut_in
   21:	  006D	75 31 0B		MOV 31H,#11D	;rated
   22:	  0070	75 32 19		MOV 32H,#25D	;cut_out
   23:	  0073	75 33 32		MOV 33H,#50D	;rated power
   24:				;------------------------------------------------
   25:	  0076	E5 31			MOV  A,31H
   26:	  0078	95 30			SUBB A,30H
   27:	  007A	F5 36			MOV 36H,A	;DEN
   28:				;41H is the address of the output
   29:
   30:	  007C			HERE:
   31:	  007C	E4			CLR A
   32:	  007D	C3			CLR C
   33:	  007E	93			MOVC A,@A+DPTR
   34:	  007F	B5 30 02		CJNE A,30H,N1	;CONDITION 1
   35:	  0082	80 07			SJMP N2
   36:	  0084	50 05		N1:	JNC N2
   37:	  0086	75 37 00	ZERO:	MOV 37H,#00H	;OUTPUT = 00

ASEM-51 V1.3                                         Copyright (c) 2002 by W.W. Heinz                                         PAGE 2



 Line  I  Addr  Code            Source

   38:	  0089	80 34			SJMP THERE
   39:	  008B			N2:
   40:	  008B	B5 31 02		CJNE A,31H,N3	;CONDITION 2
   41:	  008E	80 25			SJMP N4
   42:	  0090	50 23		N3:	JNC N4
   43:				;------ Second equation --------
   44:	  0092	C3			CLR C
   45:	  0093	95 30			SUBB A,30H	;Vci < A < Vrt ==> 5 < A < 11
   46:	  0095	85 33 F0		MOV B,33H	;Rated Power
   47:	  0098	A4			MUL AB		;Multiplication: (A-5)*P_rated
   48:	  0099	AA F0			MOV R2,B
   49:	  009B	85 36 F0		MOV B,36H	;DEN
   50:	  009E	84			DIV AB
   51:	  009F	AC F0			MOV R4,B	;Remainder 1
   52:	  00A1	FD			MOV R5,A	;Qut 2
   53:	  00A2	EA			MOV A,R2	;Higher byte of the multiplication
   54:	  00A3	85 36 F0		MOV B,36H	;DEN
   55:	  00A6	84			DIV AB		;divide higher byte by DEN
   56:	  00A7	2D			ADD A,R5	;Add the Qut
   57:	  00A8	FB			MOV R3,A	;Save the sum of Qut
   58:	  00A9	E5 F0			MOV A,B		;Remainder 2
   59:	  00AB	2C			ADD A,R4	;Sum of the remainders
   60:	  00AC	85 36 F0		MOV B,36H	;DEN
   61:	  00AF	84			DIV AB		;Divide the sum of remainders by DEN
   62:	  00B0	2B			ADD A,R3	;(A-5)*P_rated/(11-5)
   63:	  00B1	F5 37			MOV 37H,A
   64:	  00B3	80 0A			SJMP THERE
   65:				;-----------------------------
   66:
   67:	  00B5			N4:
   68:	  00B5	B5 32 02		CJNE A,32H,N5	;CONDITION 3
   69:	  00B8	80 CC			SJMP ZERO
   70:	  00BA	50 CA		N5:	JNC ZERO
   71:				;------- THIRD EQUATION ------
   72:	  00BC	85 33 37		MOV 37H,33H	;OUTPUT = P_rated
   73:				;-----------------------------
   74:	  00BF	A6 37		THERE:	MOV @R0,37H
   75:	  00C1	08			INC R0
   76:	  00C2	A3			INC DPTR
   77:	  00C3	D5 34 B6		DJNZ 34H,HERE	;Decrement the counter
   78:				;==================================================
   79:
   80:	  00C6			LOLE:
   81:	  00C6	7F 09			MOV R7,#09D
   82:	  00C8	7A 30			MOV R2,#30H	;GEN.
   83:	  00CA	7B 40			MOV R3,#40H	;LOAD
   84:	  00CC	75 83 00		MOV DPH,#00H
   85:	  00CF	7E 00			MOV R6,#00H
   86:
   87:	  00D1	8A 82		BACK1:	MOV DPL,R2
   88:	  00D3	E4			CLR A
   89:	  00D4	93			MOVC A,@A+DPTR
   90:	  00D5	FC			MOV R4,A	;Storing GEN. to R4
   91:	  00D6	E4			CLR A
   92:	  00D7	8B 82			MOV DPL,R3
   93:	  00D9	93			MOVC A,@A+DPTR

ASEM-51 V1.3                                         Copyright (c) 2002 by W.W. Heinz                                         PAGE 3



 Line  I  Addr  Code            Source

   94:	  00DA	B5 04 02		CJNE A,04H,LOL
   95:	  00DD	80 03			SJMP EXIT
   96:	  00DF	40 01		LOL:	JC EXIT
   97:	  00E1	0E			INC R6
   98:	  00E2			EXIT:
   99:	  00E2	C3			CLR C
  100:	  00E3	E4			CLR A
  101:	  00E4	0A			INC R2
  102:	  00E5	0B			INC R3
  103:	  00E6	DF FA			DJNZ R7,EXIT
  104:
  105:
  106:					END





                     register banks used:  ---

                     no errors




ASEM-51 V1.3                                         Copyright (c) 2002 by W.W. Heinz                                         PAGE 4





	       L I S T   O F   S Y M B O L S
	       =============================


SYMBOL				  TYPE     VALUE	LINE
------------------------------------------------------------
??ASEM_51			  NUMBER    8051
??VERSION			  NUMBER    0130
AC				  BIT	      D6
ACC				  DATA	      E0
B				  DATA	      F0
BACK1				  CODE	    00D1	  87
CY				  BIT	      D7
DPH				  DATA	      83
DPL				  DATA	      82
EA				  BIT	      AF
ES				  BIT	      AC
ET0				  BIT	      A9
ET1				  BIT	      AB
EX0				  BIT	      A8
EX1				  BIT	      AA
EXIT				  CODE	    00E2	  98
EXTI0				  CODE	    0003
EXTI1				  CODE	    0013
F0				  BIT	      D5
HERE				  CODE	    007C	  30
IE				  DATA	      A8
IE0				  BIT	      89
IE1				  BIT	      8B
INT0				  BIT	      B2
INT1				  BIT	      B3
IP				  DATA	      B8
IT0				  BIT	      88
IT1				  BIT	      8A
LOL				  CODE	    00DF	  96
LOLE				  CODE	    00C6	  80
MAIN				  CODE	    0049	  11
MATRIXG				  CODE	    0030	   7
MATRIXL				  CODE	    0040	   9
MATRIXS				  CODE	    0020	   5
N1				  CODE	    0084	  36
N2				  CODE	    008B	  39
N3				  CODE	    0090	  42
N4				  CODE	    00B5	  67
N5				  CODE	    00BA	  70
OUTPWR				  CODE	    0062	  14
OV				  BIT	      D2
P				  BIT	      D0
P0				  DATA	      80
P1				  DATA	      90
P2				  DATA	      A0
P3				  DATA	      B0
PCON				  DATA	      87
PS				  BIT	      BC
PSW				  DATA	      D0
PT0				  BIT	      B9

ASEM-51 V1.3                                         Copyright (c) 2002 by W.W. Heinz                                         PAGE 5



SYMBOL				  TYPE     VALUE	LINE
------------------------------------------------------------
PT1				  BIT	      BB
PX0				  BIT	      B8
PX1				  BIT	      BA
RB8				  BIT	      9A
RD				  BIT	      B7
REN				  BIT	      9C
RESET				  CODE	    0000
RI				  BIT	      98
RS0				  BIT	      D3
RS1				  BIT	      D4
RXD				  BIT	      B0
SBUF				  DATA	      99
SCON				  DATA	      98
SINT				  CODE	    0023
SM0				  BIT	      9F
SM1				  BIT	      9E
SM2				  BIT	      9D
SP				  DATA	      81
T0				  BIT	      B4
T1				  BIT	      B5
TB8				  BIT	      9B
TCON				  DATA	      88
TF0				  BIT	      8D
TF1				  BIT	      8F
TH0				  DATA	      8C
TH1				  DATA	      8D
THERE				  CODE	    00BF	  74
TI				  BIT	      99
TIMER0				  CODE	    000B
TIMER1				  CODE	    001B
TL0				  DATA	      8A
TL1				  DATA	      8B
TMOD				  DATA	      89
TR0				  BIT	      8C
TR1				  BIT	      8E
TXD				  BIT	      B1
WR				  BIT	      B6
ZERO				  CODE	    0086	  37
